 I, [2010-11-29T22:20:30.640961 #55922]  INFO -- : Creating git repository...
I, [2010-11-29T22:20:30.706602 #55922]  INFO -- : Adding remote to git repository
I, [2010-11-29T22:20:30.724113 #55922]  INFO -- : ====== Checking Folder Status ======
I, [2010-11-29T22:20:30.767196 #55922]  INFO -- : Untracked: config.yml
I, [2010-11-29T22:20:30.767393 #55922]  INFO -- : Untracked: lib/fswatcher.rb
I, [2010-11-29T22:20:30.767456 #55922]  INFO -- : Untracked: lib/rubydrop.rb
I, [2010-11-29T22:20:30.767523 #55922]  INFO -- : Untracked: lib/tcp_listen.rb
I, [2010-11-29T22:20:30.767583 #55922]  INFO -- : Untracked: LICENSE
I, [2010-11-29T22:20:30.767643 #55922]  INFO -- : Untracked: log/git.log
I, [2010-11-29T22:20:30.767695 #55922]  INFO -- : Untracked: log/tcp.log
I, [2010-11-29T22:20:30.767754 #55922]  INFO -- : Untracked: README.md
I, [2010-11-29T22:20:30.767814 #55922]  INFO -- : Untracked: RubyDrop
I, [2010-11-29T22:20:30.767871 #55922]  INFO -- : 9 files added, adding...
I, [2010-11-29T22:20:30.822704 #55922]  INFO -- : 9 files changed, committing...
I, [2010-11-29T22:20:30.852468 #55922]  INFO -- : Files committed!
I, [2010-11-29T22:20:30.852828 #55922]  INFO -- : Pushing changes to remote...
I, [2010-11-29T22:20:34.777266 #55922]  INFO -- : Git push complete!
I, [2010-11-29T22:20:34.777805 #55922]  INFO -- : ====== End Folder Status ======
I, [2010-11-29T22:20:39.778455 #55922]  INFO -- : ====== Checking Remote Status ======
I, [2010-11-29T22:22:18.256573 #55980]  INFO -- : Opening git repository...
I, [2010-11-29T22:22:18.258218 #55980]  INFO -- : ====== Checking Folder Status ======
I, [2010-11-29T22:22:18.301486 #55980]  INFO -- : Changed: config.yml
I, [2010-11-29T22:22:18.301692 #55980]  INFO -- : Changed: log/git.log
I, [2010-11-29T22:22:18.301756 #55980]  INFO -- : Changed: log/tcp.log
I, [2010-11-29T22:22:18.301824 #55980]  INFO -- : 3 files changed, committing...
I, [2010-11-29T22:22:18.332744 #55980]  INFO -- : Files committed!
I, [2010-11-29T22:22:18.332946 #55980]  INFO -- : Pushing changes to remote...
I, [2010-11-29T22:22:21.026151 #55980]  INFO -- : Git push complete!
I, [2010-11-29T22:22:21.026366 #55980]  INFO -- : ====== End Folder Status ======
I, [2010-11-29T22:22:26.026949 #55980]  INFO -- : ====== Checking Remote Status ======
I, [2010-11-29T22:23:55.660344 #56035]  INFO -- : Opening git repository...
I, [2010-11-29T22:23:55.661469 #56035]  INFO -- : ====== Checking Folder Status ======
I, [2010-11-29T22:23:55.703759 #56035]  INFO -- : Changed: log/git.log
I, [2010-11-29T22:23:55.703954 #56035]  INFO -- : Changed: log/tcp.log
I, [2010-11-29T22:23:55.704023 #56035]  INFO -- : 2 files changed, committing...
I, [2010-11-29T22:23:55.732319 #56035]  INFO -- : Files committed!
I, [2010-11-29T22:23:55.732534 #56035]  INFO -- : Pushing changes to remote...
I, [2010-11-29T22:23:58.893132 #56035]  INFO -- : Git push complete!
I, [2010-11-29T22:23:58.893388 #56035]  INFO -- : ====== End Folder Status ======
I, [2010-11-29T22:24:03.894055 #56035]  INFO -- : ====== Checking Remote Status ======
I, [2010-11-29T22:34:28.438862 #56248]  INFO -- : Opening git repository...
I, [2010-11-29T22:34:28.439981 #56248]  INFO -- : ====== Checking Folder Status ======
I, [2010-11-29T22:34:28.480911 #56248]  INFO -- : Changed: log/git.log
I, [2010-11-29T22:34:28.481112 #56248]  INFO -- : Changed: log/tcp.log
I, [2010-11-29T22:34:28.481181 #56248]  INFO -- : 2 files changed, committing...
I, [2010-11-29T22:34:28.508091 #56248]  INFO -- : Files committed!
I, [2010-11-29T22:34:28.508379 #56248]  INFO -- : Pushing changes to remote...
I, [2010-11-29T22:34:34.992128 #56248]  INFO -- : Git push complete!
I, [2010-11-29T22:34:34.992380 #56248]  INFO -- : ====== End Folder Status ======
I, [2010-11-29T22:34:39.993013 #56248]  INFO -- : ====== Checking Remote Status ======
I, [2010-11-29T22:34:45.672771 #56248]  INFO -- : Current remote: dcaafc5f39d538b210e106ec9cc14b4a1f0ba307
I, [2010-11-29T22:34:45.673135 #56248]  INFO -- : Current local: dcaafc5f39d538b210e106ec9cc14b4a1f0ba307
I, [2010-11-29T22:34:45.673206 #56248]  INFO -- : ====== End Remote Status ======
I, [2010-11-29T22:34:45.673309 #56248]  INFO -- : ====== Checking Folder Status ======
I, [2010-11-29T22:34:45.718799 #56248]  INFO -- : Changed: log/git.log
I, [2010-11-29T22:34:45.719027 #56248]  INFO -- : 1 files changed, committing...
I, [2010-11-29T22:34:45.743414 #56248]  INFO -- : Files committed!
I, [2010-11-29T22:34:45.743738 #56248]  INFO -- : Pushing changes to remote...
I, [2010-11-29T22:34:51.002490 #56248]  INFO -- : Git push complete!
I, [2010-11-29T22:34:51.002866 #56248]  INFO -- : ====== End Folder Status ======
I, [2010-11-29T22:34:56.003449 #56248]  INFO -- : ====== Checking Folder Status ======
I, [2010-11-29T22:34:56.044517 #56248]  INFO -- : Changed: log/git.log
I, [2010-11-29T22:34:56.044726 #56248]  INFO -- : 1 files changed, committing...
I, [2010-11-29T22:34:56.067962 #56248]  INFO -- : Files committed!
I, [2010-11-29T22:34:56.068584 #56248]  INFO -- : Pushing changes to remote...
I, [2010-11-29T22:35:01.126691 #56248]  INFO -- : Git push complete!
I, [2010-11-29T22:35:01.127044 #56248]  INFO -- : ====== End Folder Status ======
I, [2010-11-29T22:35:06.127665 #56248]  INFO -- : ====== Checking Remote Status ======
I, [2010-11-29T22:35:11.180141 #56248]  INFO -- : Current remote: 6172246c3b3f5efe7441bc8a587e6e452fdfa737
I, [2010-11-29T22:35:11.180480 #56248]  INFO -- : Current local: 6172246c3b3f5efe7441bc8a587e6e452fdfa737
I, [2010-11-29T22:35:11.180543 #56248]  INFO -- : ====== End Remote Status ======
I, [2010-11-29T22:35:11.180603 #56248]  INFO -- : ====== Checking Folder Status ======
I, [2010-11-29T22:35:11.222336 #56248]  INFO -- : Changed: log/git.log
I, [2010-11-29T22:35:11.222538 #56248]  INFO -- : 1 files changed, committing...
I, [2010-11-29T22:35:11.248667 #56248]  INFO -- : Files committed!
I, [2010-11-29T22:35:11.248853 #56248]  INFO -- : Pushing changes to remote...
I, [2010-11-29T22:35:16.899371 #56248]  INFO -- : Git push complete!
I, [2010-11-29T22:35:16.900245 #56248]  INFO -- : ====== End Folder Status ======
I, [2010-11-29T22:35:21.900910 #56248]  INFO -- : ====== Checking Folder Status ======
I, [2010-11-29T22:35:21.943452 #56248]  INFO -- : Changed: log/git.log
I, [2010-11-29T22:35:21.943664 #56248]  INFO -- : 1 files changed, committing...
I, [2010-11-29T22:35:21.970318 #56248]  INFO -- : Files committed!
I, [2010-11-29T22:35:21.970672 #56248]  INFO -- : Pushing changes to remote...
I, [2010-11-29T22:35:28.647333 #56248]  INFO -- : Git push complete!
I, [2010-11-29T22:35:28.647709 #56248]  INFO -- : ====== End Folder Status ======
I, [2010-11-29T22:35:33.648220 #56248]  INFO -- : ====== Checking Remote Status ======
I, [2010-11-29T22:35:39.602559 #56248]  INFO -- : Current remote: 5fd984e592268bfce24ca9c0848a80e86381f6a2
I, [2010-11-29T22:35:39.602741 #56248]  INFO -- : Current local: 5fd984e592268bfce24ca9c0848a80e86381f6a2
I, [2010-11-29T22:35:39.602810 #56248]  INFO -- : ====== End Remote Status ======
I, [2010-11-29T22:35:39.602869 #56248]  INFO -- : ====== Checking Folder Status ======
I, [2010-11-29T22:35:39.642493 #56248]  INFO -- : Changed: log/git.log
I, [2010-11-29T22:35:39.642711 #56248]  INFO -- : 1 files changed, committing...
I, [2010-11-29T22:35:39.670153 #56248]  INFO -- : Files committed!
I, [2010-11-29T22:35:39.670335 #56248]  INFO -- : Pushing changes to remote...
I, [2010-11-29T22:35:44.894693 #56248]  INFO -- : Git push complete!
I, [2010-11-29T22:35:44.894901 #56248]  INFO -- : ====== End Folder Status ======
I, [2010-11-29T22:35:49.947573 #56248]  INFO -- : ====== Checking Folder Status ======
I, [2010-11-29T22:35:50.033131 #56248]  INFO -- : Changed: log/git.log
I, [2010-11-29T22:35:50.033347 #56248]  INFO -- : 1 files changed, committing...
I, [2010-11-29T22:35:50.063750 #56248]  INFO -- : Files committed!
I, [2010-11-29T22:35:50.064135 #56248]  INFO -- : Pushing changes to remote...
I, [2010-11-29T22:35:55.296361 #56248]  INFO -- : Git push complete!
I, [2010-11-29T22:35:55.297049 #56248]  INFO -- : ====== End Folder Status ======
I, [2010-11-29T22:36:00.297619 #56248]  INFO -- : ====== Checking Remote Status ======
I, [2010-11-29T22:36:05.245136 #56248]  INFO -- : Current remote: 19192a31f53cf951e80185c8c8e08cd50fb3067a
I, [2010-11-29T22:36:05.245532 #56248]  INFO -- : Current local: 19192a31f53cf951e80185c8c8e08cd50fb3067a
I, [2010-11-29T22:36:05.245604 #56248]  INFO -- : ====== End Remote Status ======
I, [2010-11-29T22:36:05.245669 #56248]  INFO -- : ====== Checking Folder Status ======
I, [2010-11-29T22:36:05.286023 #56248]  INFO -- : Changed: log/git.log
I, [2010-11-29T22:36:05.286251 #56248]  INFO -- : 1 files changed, committing...
I, [2010-11-29T22:36:05.310997 #56248]  INFO -- : Files committed!
I, [2010-11-29T22:36:05.311187 #56248]  INFO -- : Pushing changes to remote...
I, [2010-11-29T22:36:10.666886 #56248]  INFO -- : Git push complete!
I, [2010-11-29T22:36:10.667075 #56248]  INFO -- : ====== End Folder Status ======
I, [2010-11-29T22:36:15.667618 #56248]  INFO -- : ====== Checking Folder Status ======
I, [2010-11-29T22:36:15.715632 #56248]  INFO -- : Changed: log/git.log
I, [2010-11-29T22:36:15.715880 #56248]  INFO -- : 1 files changed, committing...
I, [2010-11-29T22:36:15.742616 #56248]  INFO -- : Files committed!
I, [2010-11-29T22:36:15.742819 #56248]  INFO -- : Pushing changes to remote...
I, [2010-11-29T22:36:21.243227 #56248]  INFO -- : Git push complete!
I, [2010-11-29T22:36:21.243482 #56248]  INFO -- : ====== End Folder Status ======
I, [2010-11-29T22:36:26.243979 #56248]  INFO -- : ====== Checking Remote Status ======
I, [2010-11-29T22:36:31.104935 #56248]  INFO -- : Current remote: 97e6f59fdf8ba23a62119ce23844c96a1045b2d7
I, [2010-11-29T22:36:31.105138 #56248]  INFO -- : Current local: 97e6f59fdf8ba23a62119ce23844c96a1045b2d7
I, [2010-11-29T22:36:31.105196 #56248]  INFO -- : ====== End Remote Status ======
I, [2010-11-29T22:36:31.105258 #56248]  INFO -- : ====== Checking Folder Status ======
I, [2010-11-29T22:36:31.149900 #56248]  INFO -- : Changed: log/git.log
I, [2010-11-29T22:36:31.150135 #56248]  INFO -- : 1 files changed, committing...
I, [2010-11-29T22:36:31.174985 #56248]  INFO -- : Files committed!
I, [2010-11-29T22:36:31.175445 #56248]  INFO -- : Pushing changes to remote...
I, [2010-11-29T22:36:36.428639 #56248]  INFO -- : Git push complete!
I, [2010-11-29T22:36:36.428821 #56248]  INFO -- : ====== End Folder Status ======
I, [2010-11-29T22:36:41.429309 #56248]  INFO -- : ====== Checking Folder Status ======
I, [2010-11-29T22:36:41.470834 #56248]  INFO -- : Changed: log/git.log
I, [2010-11-29T22:36:41.471045 #56248]  INFO -- : 1 files changed, committing...
